<?xml version="1.0" encoding="UTF-8"?>
<!-- Generated by org.testng.reporters.JUnitReportReporter -->
<testsuite skipped="0" hostname="Mani_PC" name="com.SampleProject.Test.TC001_LoginPageTest" tests="1" failures="0" timestamp="30 Mar 2018 01:33:05 GMT" time="14.499" errors="0">
  <testcase name="verifyLoginApplicationTest" time="14.499" classname="com.SampleProject.Test.TC001_LoginPageTest"/>
</testsuite> <!-- com.SampleProject.Test.TC001_LoginPageTest -->
